<?xml version="1.0" encoding="UTF-8"?>
<testsuite xmlns:xsi="http://www.w3.org/2001/XMLSchema-instance" xsi:schemaLocation="https://maven.apache.org/surefire/maven-surefire-plugin/xsd/surefire-test-report.xsd" name="shopify.SearchKeywordChatalyst" time="173.891" tests="3" errors="0" skipped="0" failures="3">
  <properties>
    <property name="java.runtime.name" value="Java(TM) SE Runtime Environment"/>
    <property name="sun.boot.library.path" value="C:\Program Files\Java\jdk1.8.0_271\jre\bin"/>
    <property name="java.vm.version" value="25.271-b09"/>
    <property name="java.vm.vendor" value="Oracle Corporation"/>
    <property name="maven.multiModuleProjectDirectory" value="C:/Users/Administrator/Desktop/tool-auto-install"/>
    <property name="java.vendor.url" value="http://java.oracle.com/"/>
    <property name="path.separator" value=";"/>
    <property name="guice.disable.misplaced.annotation.check" value="true"/>
    <property name="java.vm.name" value="Java HotSpot(TM) 64-Bit Server VM"/>
    <property name="file.encoding.pkg" value="sun.io"/>
    <property name="user.script" value=""/>
    <property name="user.country" value="US"/>
    <property name="sun.java.launcher" value="SUN_STANDARD"/>
    <property name="sun.os.patch.level" value=""/>
    <property name="test" value="SearchKeywordChatalyst"/>
    <property name="java.vm.specification.name" value="Java Virtual Machine Specification"/>
    <property name="user.dir" value="C:\Users\Administrator\Desktop\tool-auto-install"/>
    <property name="java.runtime.version" value="1.8.0_271-b09"/>
    <property name="java.awt.graphicsenv" value="sun.awt.Win32GraphicsEnvironment"/>
    <property name="java.endorsed.dirs" value="C:\Program Files\Java\jdk1.8.0_271\jre\lib\endorsed"/>
    <property name="os.arch" value="amd64"/>
    <property name="java.io.tmpdir" value="C:\Users\ADMINI~1\AppData\Local\Temp\2\"/>
    <property name="line.separator" value="&#10;"/>
    <property name="java.vm.specification.vendor" value="Oracle Corporation"/>
    <property name="user.variant" value=""/>
    <property name="os.name" value="Windows Server 2012 R2"/>
    <property name="classworlds.conf" value="C:/apache-maven-3.6.3/bin/m2.conf"/>
    <property name="sun.jnu.encoding" value="Cp1252"/>
    <property name="java.library.path" value="C:\Program Files\Java\jdk1.8.0_271\bin;C:\Windows\Sun\Java\bin;C:\Windows\system32;C:\Windows;C:\Users\Administrator\bin;C:\Program Files\Git\mingw64\bin;C:\Program Files\Git\usr\local\bin;C:\Program Files\Git\usr\bin;C:\Program Files\Git\usr\bin;C:\Program Files\Git\mingw64\bin;C:\Program Files\Git\usr\bin;C:\Users\Administrator\bin;C:\Program Files (x86)\Common Files\Oracle\Java\javapath;C:\Windows\system32;C:\Windows;C:\Windows\System32\Wbem;C:\Windows\System32\WindowsPowerShell\v1.0;C:\Program Files\Git\cmd;C:\apache-maven-3.6.3\bin;C:\Program Files\Git\usr\bin\vendor_perl;C:\Program Files\Git\usr\bin\core_perl;."/>
    <property name="maven.conf" value="C:/apache-maven-3.6.3/conf"/>
    <property name="java.specification.name" value="Java Platform API Specification"/>
    <property name="java.class.version" value="52.0"/>
    <property name="sun.management.compiler" value="HotSpot 64-Bit Tiered Compilers"/>
    <property name="os.version" value="6.3"/>
    <property name="library.jansi.path" value="C:/apache-maven-3.6.3/lib/jansi-native"/>
    <property name="user.home" value="C:\Users\Administrator"/>
    <property name="user.timezone" value="Asia/Bangkok"/>
    <property name="java.awt.printerjob" value="sun.awt.windows.WPrinterJob"/>
    <property name="java.specification.version" value="1.8"/>
    <property name="file.encoding" value="Cp1252"/>
    <property name="user.name" value="Administrator"/>
    <property name="java.class.path" value="C:/apache-maven-3.6.3/boot/plexus-classworlds-2.6.0.jar"/>
    <property name="java.vm.specification.version" value="1.8"/>
    <property name="sun.arch.data.model" value="64"/>
    <property name="java.home" value="C:\Program Files\Java\jdk1.8.0_271\jre"/>
    <property name="sun.java.command" value="org.codehaus.plexus.classworlds.launcher.Launcher -Dtest=SearchKeywordChatalyst test"/>
    <property name="java.specification.vendor" value="Oracle Corporation"/>
    <property name="user.language" value="en"/>
    <property name="awt.toolkit" value="sun.awt.windows.WToolkit"/>
    <property name="java.vm.info" value="mixed mode"/>
    <property name="java.version" value="1.8.0_271"/>
    <property name="java.ext.dirs" value="C:\Program Files\Java\jdk1.8.0_271\jre\lib\ext;C:\Windows\Sun\Java\lib\ext"/>
    <property name="sun.boot.class.path" value="C:\Program Files\Java\jdk1.8.0_271\jre\lib\resources.jar;C:\Program Files\Java\jdk1.8.0_271\jre\lib\rt.jar;C:\Program Files\Java\jdk1.8.0_271\jre\lib\sunrsasign.jar;C:\Program Files\Java\jdk1.8.0_271\jre\lib\jsse.jar;C:\Program Files\Java\jdk1.8.0_271\jre\lib\jce.jar;C:\Program Files\Java\jdk1.8.0_271\jre\lib\charsets.jar;C:\Program Files\Java\jdk1.8.0_271\jre\lib\jfr.jar;C:\Program Files\Java\jdk1.8.0_271\jre\classes"/>
    <property name="java.vendor" value="Oracle Corporation"/>
    <property name="maven.home" value="C:\apache-maven-3.6.3"/>
    <property name="file.separator" value="\"/>
    <property name="java.vendor.url.bug" value="http://bugreport.sun.com/bugreport/"/>
    <property name="sun.cpu.endian" value="little"/>
    <property name="sun.io.unicode.encoding" value="UnicodeLittle"/>
    <property name="sun.desktop" value="windows"/>
    <property name="sun.cpu.isalist" value="amd64"/>
  </properties>
  <testcase name="TC01_CreateShopifyStore" classname="shopify.SearchKeywordChatalyst" time="63.946">
    <failure message="Expected condition failed: waiting for visibility of element located by By.xpath: //div[@class=&apos;ui-app-card&apos; and not (contains(@data-target-href, &apos;ad&apos;))]//h4[contains(text(), &apos;Chatalyst Customer Support&apos;)] (tried for 30 second(s) with 500 milliseconds interval)" type="org.openqa.selenium.TimeoutException">org.openqa.selenium.TimeoutException: Expected condition failed: waiting for visibility of element located by By.xpath: //div[@class='ui-app-card' and not (contains(@data-target-href, 'ad'))]//h4[contains(text(), 'Chatalyst Customer Support')] (tried for 30 second(s) with 500 milliseconds interval)
	at shopify.SearchKeywordChatalyst.TC01_CreateShopifyStore(SearchKeywordChatalyst.java:111)
Caused by: org.openqa.selenium.NoSuchElementException: 
no such element: Unable to locate element: {"method":"xpath","selector":"//div[@class='ui-app-card' and not (contains(@data-target-href, 'ad'))]//h4[contains(text(), 'Chatalyst Customer Support')]"}
  (Session info: chrome=88.0.4324.104)
For documentation on this error, please visit: https://www.seleniumhq.org/exceptions/no_such_element.html
Build info: version: '3.141.59', revision: 'e82be7d358', time: '2018-11-14T08:17:03'
System info: host: 'vultr-guest', ip: '45.32.115.157', os.name: 'Windows Server 2012 R2', os.arch: 'amd64', os.version: '6.3', java.version: '1.8.0_271'
Driver info: org.openqa.selenium.chrome.ChromeDriver
Capabilities {acceptInsecureCerts: false, browserName: chrome, browserVersion: 88.0.4324.104, chrome: {chromedriverVersion: 88.0.4324.96 (68dba2d8a0b14..., userDataDir: C:\Users\ADMINI~1\AppData\L...}, goog:chromeOptions: {debuggerAddress: localhost:62144}, javascriptEnabled: true, networkConnectionEnabled: false, pageLoadStrategy: normal, platform: WINDOWS, platformName: WINDOWS, proxy: Proxy(), setWindowRect: true, strictFileInteractability: false, timeouts: {implicit: 0, pageLoad: 300000, script: 30000}, unhandledPromptBehavior: dismiss and notify, webauthn:extension:largeBlob: true, webauthn:virtualAuthenticators: true}
Session ID: cad02f69668a7e4efdb24f6432f7cb13
*** Element info: {Using=xpath, value=//div[@class='ui-app-card' and not (contains(@data-target-href, 'ad'))]//h4[contains(text(), 'Chatalyst Customer Support')]}
	at shopify.SearchKeywordChatalyst.TC01_CreateShopifyStore(SearchKeywordChatalyst.java:111)
</failure>
    <system-out><![CDATA[2021-02-03 17:55:50,870 INFO  shopify.SearchKeywordChatalyst - Pre-condition: Clear test data
2021-02-03 17:55:51,186 INFO  shopify.SearchKeywordChatalyst - Step 01: Pre-condition: Access App Store Shopify
2021-02-03 17:56:00,427 INFO  shopify.SearchKeywordChatalyst - Step 02: Search keyword chatalyst
2021-02-03 17:56:04,082 INFO  shopify.SearchKeywordChatalyst - Step 03: Print store info
Keyword search:
keyword: Chatalyst
Created time: 03/02/2021 17:55:51
2021-02-03 17:56:04,083 INFO  shopify.SearchKeywordChatalyst - Step 04: Write data to the csv20210203_175550_Chatalyst.csv
CSV file was created successfully !!
2021-02-03 17:56:11,107 INFO  shopify.SearchKeywordChatalyst - Step 05: Load page 2
2021-02-03 17:56:24,972 INFO  shopify.SearchKeywordChatalyst - Step 06: Click choose app Chatalyst
]]></system-out>
    <system-err><![CDATA[SLF4J: Failed to load class "org.slf4j.impl.StaticLoggerBinder".
SLF4J: Defaulting to no-operation (NOP) logger implementation
SLF4J: See http://www.slf4j.org/codes.html#StaticLoggerBinder for further details.
Starting ChromeDriver 88.0.4324.96 (68dba2d8a0b149a1d3afac56fa74648032bcf46b-refs/branch-heads/4324@{#1784}) on port 5457
Only local connections are allowed.
Please see https://chromedriver.chromium.org/security-considerations for suggestions on keeping ChromeDriver safe.
ChromeDriver was started successfully.
[1612349748.971][WARNING]: Deprecated chrome option is ignored: useAutomationExtension
[1612349748.989][WARNING]: Deprecated chrome option is ignored: useAutomationExtension
Feb 03, 2021 5:55:50 PM org.openqa.selenium.remote.ProtocolHandshake createSession
INFO: Detected dialect: W3C
]]></system-err>
  </testcase>
  <testcase name="TC01_CreateShopifyStore" classname="shopify.SearchKeywordChatalyst" time="51.594">
    <failure message="Expected condition failed: waiting for visibility of element located by By.xpath: //div//a[@class=&apos;search-pagination__link&apos; and text()=&apos;5&apos;] (tried for 30 second(s) with 500 milliseconds interval)" type="org.openqa.selenium.TimeoutException">org.openqa.selenium.TimeoutException: Expected condition failed: waiting for visibility of element located by By.xpath: //div//a[@class='search-pagination__link' and text()='5'] (tried for 30 second(s) with 500 milliseconds interval)
	at shopify.SearchKeywordChatalyst.TC01_CreateShopifyStore(SearchKeywordChatalyst.java:108)
Caused by: org.openqa.selenium.NoSuchElementException: 
no such element: Unable to locate element: {"method":"xpath","selector":"//div//a[@class='search-pagination__link' and text()='5']"}
  (Session info: chrome=88.0.4324.104)
For documentation on this error, please visit: https://www.seleniumhq.org/exceptions/no_such_element.html
Build info: version: '3.141.59', revision: 'e82be7d358', time: '2018-11-14T08:17:03'
System info: host: 'vultr-guest', ip: '45.32.115.157', os.name: 'Windows Server 2012 R2', os.arch: 'amd64', os.version: '6.3', java.version: '1.8.0_271'
Driver info: org.openqa.selenium.chrome.ChromeDriver
Capabilities {acceptInsecureCerts: false, browserName: chrome, browserVersion: 88.0.4324.104, chrome: {chromedriverVersion: 88.0.4324.96 (68dba2d8a0b14..., userDataDir: C:\Users\ADMINI~1\AppData\L...}, goog:chromeOptions: {debuggerAddress: localhost:62144}, javascriptEnabled: true, networkConnectionEnabled: false, pageLoadStrategy: normal, platform: WINDOWS, platformName: WINDOWS, proxy: Proxy(), setWindowRect: true, strictFileInteractability: false, timeouts: {implicit: 0, pageLoad: 300000, script: 30000}, unhandledPromptBehavior: dismiss and notify, webauthn:extension:largeBlob: true, webauthn:virtualAuthenticators: true}
Session ID: cad02f69668a7e4efdb24f6432f7cb13
*** Element info: {Using=xpath, value=//div//a[@class='search-pagination__link' and text()='5']}
	at shopify.SearchKeywordChatalyst.TC01_CreateShopifyStore(SearchKeywordChatalyst.java:108)
</failure>
    <system-out><![CDATA[2021-02-03 17:56:55,113 INFO  shopify.SearchKeywordChatalyst - Step 01: Pre-condition: Access App Store Shopify
2021-02-03 17:57:07,599 INFO  shopify.SearchKeywordChatalyst - Step 02: Search keyword chatalyst
2021-02-03 17:57:10,996 INFO  shopify.SearchKeywordChatalyst - Step 03: Print store info
Keyword search:
keyword: live chat
Created time: 03/02/2021 17:56:55
2021-02-03 17:57:10,996 INFO  shopify.SearchKeywordChatalyst - Step 04: Write data to the csv20210203_175550_Chatalyst.csv
CSV file was created successfully !!
2021-02-03 17:57:16,560 INFO  shopify.SearchKeywordChatalyst - Step 05: Load page 2
]]></system-out>
  </testcase>
  <testcase name="TC01_CreateShopifyStore" classname="shopify.SearchKeywordChatalyst" time="50.146">
    <failure message="Expected condition failed: waiting for visibility of element located by By.xpath: //div//a[@class=&apos;search-pagination__link&apos; and text()=&apos;5&apos;] (tried for 30 second(s) with 500 milliseconds interval)" type="org.openqa.selenium.TimeoutException">org.openqa.selenium.TimeoutException: Expected condition failed: waiting for visibility of element located by By.xpath: //div//a[@class='search-pagination__link' and text()='5'] (tried for 30 second(s) with 500 milliseconds interval)
	at shopify.SearchKeywordChatalyst.TC01_CreateShopifyStore(SearchKeywordChatalyst.java:108)
Caused by: org.openqa.selenium.NoSuchElementException: 
no such element: Unable to locate element: {"method":"xpath","selector":"//div//a[@class='search-pagination__link' and text()='5']"}
  (Session info: chrome=88.0.4324.104)
For documentation on this error, please visit: https://www.seleniumhq.org/exceptions/no_such_element.html
Build info: version: '3.141.59', revision: 'e82be7d358', time: '2018-11-14T08:17:03'
System info: host: 'vultr-guest', ip: '45.32.115.157', os.name: 'Windows Server 2012 R2', os.arch: 'amd64', os.version: '6.3', java.version: '1.8.0_271'
Driver info: org.openqa.selenium.chrome.ChromeDriver
Capabilities {acceptInsecureCerts: false, browserName: chrome, browserVersion: 88.0.4324.104, chrome: {chromedriverVersion: 88.0.4324.96 (68dba2d8a0b14..., userDataDir: C:\Users\ADMINI~1\AppData\L...}, goog:chromeOptions: {debuggerAddress: localhost:62144}, javascriptEnabled: true, networkConnectionEnabled: false, pageLoadStrategy: normal, platform: WINDOWS, platformName: WINDOWS, proxy: Proxy(), setWindowRect: true, strictFileInteractability: false, timeouts: {implicit: 0, pageLoad: 300000, script: 30000}, unhandledPromptBehavior: dismiss and notify, webauthn:extension:largeBlob: true, webauthn:virtualAuthenticators: true}
Session ID: cad02f69668a7e4efdb24f6432f7cb13
*** Element info: {Using=xpath, value=//div//a[@class='search-pagination__link' and text()='5']}
	at shopify.SearchKeywordChatalyst.TC01_CreateShopifyStore(SearchKeywordChatalyst.java:108)
</failure>
    <system-out><![CDATA[2021-02-03 17:57:46,680 INFO  shopify.SearchKeywordChatalyst - Step 01: Pre-condition: Access App Store Shopify
2021-02-03 17:57:49,895 INFO  shopify.SearchKeywordChatalyst - Step 02: Search keyword chatalyst
2021-02-03 17:57:55,648 INFO  shopify.SearchKeywordChatalyst - Step 03: Print store info
Keyword search:
keyword: live chat
Created time: 03/02/2021 17:57:46
2021-02-03 17:57:55,649 INFO  shopify.SearchKeywordChatalyst - Step 04: Write data to the csv20210203_175550_Chatalyst.csv
CSV file was created successfully !!
2021-02-03 17:58:06,635 INFO  shopify.SearchKeywordChatalyst - Step 05: Load page 2
]]></system-out>
  </testcase>
</testsuite>